\BOOKMARK [1][-]{section.1}{Start a prep file}{}% 1
\BOOKMARK [2][-]{subsection.1.1}{Standard file format}{section.1}% 2
\BOOKMARK [2][-]{subsection.1.2}{Tree Structure - Topological Types}{section.1}% 3
\BOOKMARK [2][-]{subsection.1.3}{AMBER Atom Typing}{section.1}% 4
\BOOKMARK [2][-]{subsection.1.4}{Prep File Structure}{section.1}% 5
\BOOKMARK [2][-]{subsection.1.5}{Atom type tree and structure}{section.1}% 6
\BOOKMARK [1][-]{section.2}{RESP Charge derivation}{}% 7
\BOOKMARK [2][-]{subsection.2.1}{The R.E.D server}{section.2}% 8
\BOOKMARK [3][-]{subsubsection.2.1.1}{R.E.D server documentation}{subsection.2.1}% 9
\BOOKMARK [3][-]{subsubsection.2.1.2}{Basics}{subsection.2.1}% 10
\BOOKMARK [3][-]{subsubsection.2.1.3}{Configuration files}{subsection.2.1}% 11
\BOOKMARK [2][-]{subsection.2.2}{RESP charge derivation on your local system}{section.2}% 12
\BOOKMARK [3][-]{subsubsection.2.2.1}{Small set-up and reasoning behind the RESP calculation}{subsection.2.2}% 13
\BOOKMARK [3][-]{subsubsection.2.2.2}{Electrostatic Potential \(ESP\) calculation with ORCA}{subsection.2.2}% 14
\BOOKMARK [3][-]{subsubsection.2.2.3}{Generation of the grid and plotting ESP on the grid}{subsection.2.2}% 15
\BOOKMARK [3][-]{subsubsection.2.2.4}{Restrained Electrostatic Potential \(RESP\) with AMBER}{subsection.2.2}% 16
\BOOKMARK [1][-]{section.3}{Forcefield file generation}{}% 17
\BOOKMARK [2][-]{subsection.3.1}{Parameter Topology .prmtop}{section.3}% 18
\BOOKMARK [2][-]{subsection.3.2}{Preparatory files .prep}{section.3}% 19
\BOOKMARK [3][-]{subsubsection.3.2.1}{Practicals}{subsection.3.2}% 20
\BOOKMARK [2][-]{subsection.3.3}{Forcefield modification frcmod.}{section.3}% 21
\BOOKMARK [3][-]{subsubsection.3.3.1}{Bonded Interaction Terms}{subsection.3.3}% 22
\BOOKMARK [3][-]{subsubsection.3.3.2}{Periodicity}{subsection.3.3}% 23
\BOOKMARK [2][-]{subsection.3.4}{Paramfit}{section.3}% 24
\BOOKMARK [3][-]{subsubsection.3.4.1}{Gathering parameters}{subsection.3.4}% 25
\BOOKMARK [1][-]{section.4}{Miscelanious}{}% 26
\BOOKMARK [2][-]{subsection.4.1}{AMBER atom types with GAFF alternative atom types}{section.4}% 27
\BOOKMARK [3][-]{subsubsection.4.1.1}{Introduction}{subsection.4.1}% 28
\BOOKMARK [3][-]{subsubsection.4.1.2}{Atom types}{subsection.4.1}% 29
\BOOKMARK [2][-]{subsection.4.2}{RESP DocString}{section.4}% 30
